02-20-2018 19:47:46.418,-,AT,"ERROR,000010120000A065,XBEE-PRO XSC (S3B) 9600,3014,COM5 - 9600/8/N/1/N,10"

02-20-2018 19:47:46.448,2441,RECV,2C20302E30312C20312E30310D0A302E30372C20302E30312C20312E30320D0A302E30372C20302E30312C20312E
02-20-2018 19:47:46.498,2442,RECV,30310D0A302E30382C20302E30312C20312E30320D0A302E30382C20302E30312C20312E30320D0A302E30372C2030
02-20-2018 19:47:46.548,2443,RECV,2E30312C20312E30320D0A302E30372C20302E30312C20312E30310D0A302E30372C20302E30322C20312E30320D
02-20-2018 19:47:46.599,2444,RECV,0A302E30382C20302E30312C20312E30320D0A302E30372C20302E30312C20312E30320D0A302E30382C20302E30
02-20-2018 19:47:46.649,2445,RECV,312C20312E30320D0A302E30372C20302E30312C20312E30310D0A302E30382C20302E30312C20312E30320D0A302E30382C20302E30312C20312E3031
02-20-2018 19:47:46.709,2446,RECV,0D0A302E30372C20302E30312C20312E30310D0A302E30382C20302E30312C20312E30320D0A302E30372C20302E30
02-20-2018 19:47:46.749,2447,RECV,312C20312E30320D0A302E30372C20302E30312C20312E30310D0A302E30372C20302E30312C20312E30320D0A30
02-20-2018 19:47:46.812,2448,RECV,2E30372C20302E30312C20312E30320D0A302E30372C20302E30322C20312E30310D0A302E30372C20302E30312C
02-20-2018 19:47:46.849,2449,RECV,20312E30320D0A302E30382C20302E30312C20312E30310D0A302E30382C20302E30312C20312E30310D0A302E30
02-20-2018 19:47:46.899,2450,RECV,382C20302E30312C20312E30310D0A302E30372C20302E30312C20312E30310D0A302E30372C20302E30312C2031
02-20-2018 19:47:46.949,2451,RECV,2E30310D0A302E30382C20302E30322C20312E30320D0A302E30382C20302E30312C20312E30310D0A302E30372C20
02-20-2018 19:47:47.001,2452,RECV,302E30322C20312E30310D0A302E30372C20302E30312C20312E30320D0A302E30372C20302E30312C20312E30320D0A302E30382C20302E30312C2031
02-20-2018 19:47:47.049,2453,RECV,2E30320D0A302E30382C20302E30322C20312E30320D0A302E30382C20302E30312C20312E30310D0A302E30382C
02-20-2018 19:47:47.099,2454,RECV,20302E30322C20312E30310D0A302E30372C20302E30312C20312E30310D0A302E30372C20302E30312C20312E30
02-20-2018 19:47:47.149,2455,RECV,310D0A302E30382C20302E30312C20312E30320D0A302E30372C20302E30312C20312E30320D0A302E30372C20302E
02-20-2018 19:47:47.200,2456,RECV,30312C20312E30310D0A302E30382C20302E30312C20312E30310D0A302E30372C20302E30312C20312E30310D0A
02-20-2018 19:47:47.252,2457,RECV,302E30382C20302E30322C20312E30310D0A302E30382C20302E30322C20312E30310D0A302E30372C20302E3032
02-20-2018 19:47:47.300,2458,RECV,2C20312E30310D0A302E30382C20302E30312C20312E30310D0A302E30372C20302E30322C20312E30310D0A302E
02-20-2018 19:47:47.358,2459,RECV,30372C20302E30312C20312E30310D0A302E30382C20302E30312C20312E30310D0A302E30382C20302E30312C20
02-20-2018 19:47:47.400,2460,RECV,312E30310D0A302E30382C20302E30312C20312E30320D0A302E30382C20302E30312C20312E30310D0A302E30382C20302E30312C20312E30310D0A302E
02-20-2018 19:47:47.472,2461,RECV,30382C20302E30312C20312E30320D0A302E30382C20302E30312C20312E30320D0A302E30372C20302E30312C20
02-20-2018 19:47:47.501,2462,RECV,312E30320D0A302E30372C20302E30312C20312E30320D0A302E30372C20302E30312C20312E30320D0A302E3037
02-20-2018 19:47:47.551,2463,RECV,2C20302E30312C20312E30320D0A302E30372C20302E30312C20312E30320D0A302E30382C20302E30312C20312E
02-20-2018 19:47:47.602,2464,RECV,30310D0A302E30372C20302E30322C20312E30310D0A302E30372C20302E30312C20312E30320D0A302E30382C2030
02-20-2018 19:47:47.652,2465,RECV,2E30312C20312E30320D0A302E30382C20302E30312C20312E30320D0A302E30372C20302E30322C20312E30310D
02-20-2018 19:47:47.702,2466,RECV,0A302E30372C20302E30312C20312E30310D0A302E30382C20302E30312C20312E30320D0A302E30372C20302E30
02-20-2018 19:47:47.752,2467,RECV,312C20312E30310D0A302E30372C20302E30312C20312E30310D0A302E30382C20302E30312C20312E30310D0A302E30372C20302E30312C20312E30320D
02-20-2018 19:47:47.802,2468,RECV,0A302E30372C20302E30312C20312E30310D0A302E30382C20302E30312C20312E30310D0A302E30382C20302E30
02-20-2018 19:47:47.853,2469,RECV,322C20312E30310D0A302E30382C20302E30322C20312E30320D0A302E30372C20302E30312C20312E30320D0A30
02-20-2018 19:47:47.903,2470,RECV,2E30372C20302E30312C20312E30310D0A302E30382C20302E30312C20312E30320D0A302E30372C20302E30312C
02-20-2018 19:47:47.953,2471,RECV,20312E30310D0A302E30372C20302E30312C20312E30310D0A302E30372C20302E30312C20312E30310D0A302E30
02-20-2018 19:47:48.008,2472,RECV,372C20302E30312C20312E30320D0A302E30372C20302E30312C20312E30310D0A302E30372C20302E30322C2031
02-20-2018 19:47:48.053,2473,RECV,2E30310D0A302E30372C20302E30312C20312E30310D0A302E30372C20302E30312C20312E30320D0A302E30372C20
02-20-2018 19:47:48.122,2474,RECV,302E30312C20312E30320D0A302E30372C20302E30312C20312E30320D0A302E30372C20302E30302C20312E3031
02-20-2018 19:47:48.153,2475,RECV,0D0A302E30372C20302E30312C20312E30320D0A302E30372C20302E30312C20312E30320D0A302E30382C20302E30312C20312E30310D0A302E30382C
02-20-2018 19:47:48.204,2476,RECV,20302E30312C20312E30310D0A302E30372C20302E30312C20312E30320D0A302E30382C20302E30312C20312E30
02-20-2018 19:47:48.254,2477,RECV,320D0A302E30382C20302E30312C20312E30310D0A302E30372C20302E30312C20312E30310D0A302E30372C20302E
02-20-2018 19:47:48.304,2478,RECV,30322C20312E30320D0A302E30372C20302E30312C20312E30320D0A302E30382C20302E30312C20312E30310D0A
02-20-2018 19:47:48.354,2479,RECV,302E30372C20302E30312C20312E30310D0A302E30372C20302E30312C20312E30320D0A302E30382C20302E3031
02-20-2018 19:47:48.404,2480,RECV,2C20312E30320D0A302E30372C20302E30312C20312E30320D0A302E30382C20302E30322C20312E30310D0A302E
02-20-2018 19:47:48.454,2481,RECV,30372C20302E30312C20312E30320D0A302E30372C20302E30312C20312E30310D0A302E30372C20302E30312C20
02-20-2018 19:47:48.505,2482,RECV,312E30320D0A302E30382C20302E30322C20312E30320D0A302E30372C20302E30312C20312E30310D0A302E30382C20302E30312C20312E30310D0A302E
02-20-2018 19:47:48.560,2483,RECV,30372C20302E30312C20312E30310D0A302E30372C20302E30312C20312E30310D0A302E30372C20302E30312C20
02-20-2018 19:47:48.606,2484,RECV,312E30320D0A302E30382C20302E30312C20312E30320D0A302E30372C20302E30312C20312E30310D0A302E3037
02-20-2018 19:47:48.672,2485,RECV,2C20302E30312C20312E30320D0A302E30382C20302E30312C20312E30310D0A302E30382C20302E30312C20312E30
02-20-2018 19:47:48.706,2486,RECV,310D0A302E30372C20302E30312C20312E30310D0A302E30372C20302E30312C20312E30310D0A302E30372C2030
02-20-2018 19:47:48.756,2487,RECV,2E30312C20312E30310D0A302E30372C20302E30312C20312E30320D0A302E30372C20302E30312C20312E30320D
02-20-2018 19:47:48.806,2488,RECV,0A302E30372C20302E30312C20312E30310D0A302E30372C20302E30312C20312E30310D0A302E30372C20302E30
02-20-2018 19:47:48.856,2489,RECV,312C20312E30320D0A302E30372C20302E30312C20312E30320D0A302E30372C20302E30312C20312E30310D0A30
02-20-2018 19:47:48.907,2490,RECV,2E30382C20302E30312C20312E30320D0A302E30372C20302E30312C20312E30320D0A302E30382C20302E30312C20312E30310D0A302E30372C20302E30
02-20-2018 19:47:48.957,2491,RECV,312C20312E30310D0A302E30382C20302E30312C20312E30310D0A302E30372C20302E30322C20312E30320D0A30
02-20-2018 19:47:49.007,2492,RECV,2E30382C20302E30312C20312E30310D0A302E30382C20302E30312C20312E30310D0A302E30372C20302E30312C
02-20-2018 19:47:49.057,2493,RECV,20312E30310D0A302E30372C20302E30312C20312E30310D0A302E30372C20302E30312C20312E30320D0A302E30
02-20-2018 19:47:49.108,2494,RECV,372C20302E30312C20312E30310D0A302E30372C20302E30312C20312E30310D0A302E30372C20302E30322C2031
02-20-2018 19:47:49.158,2495,RECV,2E30310D0A302E30382C20302E30312C20312E30310D0A302E30382C20302E30312C20312E30310D0A302E30372C20
02-20-2018 19:47:49.209,2496,RECV,302E30322C20312E30320D0A302E30382C20302E30312C20312E30310D0A302E30382C20302E30312C20312E3032
02-20-2018 19:47:49.259,2497,RECV,0D0A302E30372C20302E30312C20312E30320D0A302E30372C20302E30312C20312E30310D0A302E30372C20302E30312C20312E30310D0A302E30382C
02-20-2018 19:47:49.312,2498,RECV,20302E30312C20312E30320D0A302E30382C20302E30312C20312E30310D0A302E30382C20302E30312C20312E3031
02-20-2018 19:47:49.359,2499,RECV,0D0A302E30382C20302E30312C20312E30320D0A302E30372C20302E30312C20312E30320D0A302E30382C20302E
02-20-2018 19:47:49.418,2500,RECV,30312C20312E30310D0A302E30372C20302E30312C20312E30310D0A302E30372C20302E30312C20312E30310D0A
02-20-2018 19:47:49.460,2501,RECV,302E30372C20302E30322C20312E30320D0A302E30372C20302E30312C20312E30310D0A302E30372C20302E3031
02-20-2018 19:47:49.525,2502,RECV,2C20312E30310D0A302E30372C20302E30322C20312E30310D0A302E30382C20302E30312C20312E30310D0A302E
02-20-2018 19:47:49.560,2503,RECV,30382C20302E30312C20312E30310D0A302E30382C20302E30312C20312E30310D0A302E30372C20302E30312C2031
02-20-2018 19:47:49.610,2504,RECV,2E30320D0A302E30372C20302E30312C20312E30310D0A302E30382C20302E30312C20312E30320D0A302E30382C20302E30312C20312E30310D0A302E
02-20-2018 19:47:49.660,2505,RECV,30372C20302E30322C20312E30310D0A302E30382C20302E30312C20312E30320D0A302E30382C20302E30312C20
02-20-2018 19:47:49.710,2506,RECV,312E30310D0A302E30372C20302E30312C20312E30310D0A302E30382C20302E30312C20312E30320D0A302E3037
02-20-2018 19:47:49.760,2507,RECV,2C20302E30322C20312E30320D0A302E30372C20302E30322C20312E30320D0A302E30382C20302E30312C20312E30
02-20-2018 19:47:49.810,2508,RECV,310D0A302E30372C20302E30312C20312E30320D0A302E30372C20302E30322C20312E30310D0A302E30372C2030
02-20-2018 19:47:49.861,2509,RECV,2E30312C20312E30310D0A302E30372C20302E30312C20312E30310D0A302E30372C20302E30312C20312E30320D
02-20-2018 19:47:49.911,2510,RECV,0A302E30372C20302E30312C20312E30320D0A302E30372C20302E30312C20312E30320D0A302E30372C20302E30
02-20-2018 19:47:49.964,2511,RECV,312C20312E30310D0A302E30372C20302E30312C20312E30320D0A302E30372C20302E30322C20312E30320D0A30
02-20-2018 19:47:50.011,2512,RECV,2E30372C20302E30312C20312E30310D0A302E30372C20302E30312C20312E30310D0A302E30372C20302E30312C20312E30320D0A302E30382C20302E30
02-20-2018 19:47:50.073,2513,RECV,312C20312E30310D0A302E30372C20302E30312C20312E30310D0A302E30382C20302E30322C20312E30310D0A30
02-20-2018 19:47:50.111,2514,RECV,2E30372C20302E30312C20312E30310D0A302E30372C20302E30312C20312E30310D0A302E30382C20302E30312C
02-20-2018 19:47:50.161,2515,RECV,20312E30320D0A302E30382C20302E30312C20312E30310D0A302E30372C20302E30312C20312E30320D0A302E3037
02-20-2018 19:47:50.212,2516,RECV,2C20302E30312C20312E30310D0A302E30382C20302E30312C20312E30310D0A302E30372C20302E30312C20312E
02-20-2018 19:47:50.262,2517,RECV,30310D0A302E30372C20302E30312C20312E30320D0A302E30382C20302E30312C20312E30310D0A302E30382C20
02-20-2018 19:47:50.312,2518,RECV,302E30302C20312E30320D0A302E30372C20302E30312C20312E30310D0A302E30382C20302E30312C20312E3032
02-20-2018 19:47:50.362,2519,RECV,0D0A302E30372C20302E30312C20312E30320D0A302E30372C20302E30302C20312E30310D0A302E30382C20302E30322C20312E30310D0A302E30372C20
02-20-2018 19:47:50.412,2520,RECV,302E30312C20312E30310D0A302E30382C20302E30312C20312E30320D0A302E30372C20302E30322C20312E3031
02-20-2018 19:47:50.463,2521,RECV,0D0A302E30372C20302E30312C20312E30310D0A302E30382C20302E30312C20312E30320D0A302E30382C20302E
02-20-2018 19:47:50.513,2522,RECV,30312C20312E30320D0A302E30382C20302E30312C20312E30310D0A302E30372C20302E30312C20312E30310D0A
02-20-2018 19:47:50.563,2523,RECV,302E30372C20302E30312C20312E30320D0A302E30382C20302E30322C20312E30320D0A302E30382C20302E3031
02-20-2018 19:47:50.614,2524,RECV,2C20312E30310D0A302E30382C20302E30312C20312E30310D0A302E30372C20302E30312C20312E30320D0A302E30
02-20-2018 19:47:50.664,2525,RECV,372C20302E30312C20312E30320D0A302E30382C20302E30312C20312E30310D0A302E30382C20302E30312C2031
02-20-2018 19:47:50.721,2526,RECV,2E30320D0A302E30372C20302E30312C20312E30310D0A302E30382C20302E30312C20312E30320D0A302E30382C
02-20-2018 19:47:50.764,2527,RECV,20302E30312C20312E30320D0A302E30382C20302E30312C20312E30310D0A302E30372C20302E30312C20312E30310D0A302E30372C20302E30312C2031
02-20-2018 19:47:50.827,2528,RECV,2E30320D0A302E30372C20302E30312C20312E30320D0A302E30372C20302E30312C20312E30310D0A302E30372C
02-20-2018 19:47:50.865,2529,RECV,20302E30312C20312E30310D0A302E30382C20302E30312C20312E30320D0A302E30372C20302E30302C20312E30
02-20-2018 19:47:50.915,2530,RECV,320D0A302E30382C20302E30312C20312E30310D0A302E30382C20302E30322C20312E30310D0A302E30372C2030
02-20-2018 19:47:50.965,2531,RECV,2E30312C20312E30320D0A302E30372C20302E30312C20312E30320D0A302E30382C20302E30312C20312E30310D
02-20-2018 19:47:51.015,2532,RECV,0A302E30382C20302E30312C20312E30310D0A302E30382C20302E30312C20312E30310D0A302E30372C20302E30
02-20-2018 19:47:51.065,2533,RECV,302C20312E30320D0A302E30382C20302E30312C20312E30310D0A302E30382C20302E30312C20312E30320D0A30
02-20-2018 19:47:51.116,2534,RECV,2E30372C20302E30312C20312E30310D0A302E30372C20302E30312C20312E30310D0A302E30372C20302E30312C20312E30320D0A302E30382C20302E30
02-20-2018 19:47:51.166,2535,RECV,312C20312E30310D0A302E30382C20302E30312C20312E30320D0A302E30372C20302E30312C20312E30320D0A30
02-20-2018 19:47:51.217,2536,RECV,2E30372C20302E30312C20312E30320D0A302E30372C20302E30322C20312E30310D0A302E30372C20302E30312C
02-20-2018 19:47:51.267,2537,RECV,20312E30320D0A302E30372C20302E30322C20312E30320D0A302E30372C20302E30312C20312E30310D0A302E3037
02-20-2018 19:47:51.317,2538,RECV,2C20302E30312C20312E30310D0A302E30372C20302E30322C20312E30310D0A302E30372C20302E30312C20312E
02-20-2018 19:47:51.368,2539,RECV,30320D0A302E30372C20302E30302C20312E30310D0A302E30372C20302E30312C20312E30320D0A302E30372C20
02-20-2018 19:47:51.418,2540,RECV,302E30312C20312E30320D0A302E30372C20302E30312C20312E30310D0A302E30372C20302E30312C20312E3031
02-20-2018 19:47:51.479,2541,RECV,0D0A302E30382C20302E30312C20312E30310D0A302E30372C20302E30312C20312E30310D0A302E30372C20302E30312C20312E30320D0A302E30372C20
02-20-2018 19:47:51.518,2542,RECV,302E30312C20312E30310D0A302E30372C20302E30312C20312E30310D0A302E30372C20302E30312C20312E3032
02-20-2018 19:47:51.568,2543,RECV,0D0A302E30382C20302E30312C20312E30320D0A302E30372C20302E30312C20312E30310D0A302E30372C20302E
02-20-2018 19:47:51.618,2544,RECV,30312C20312E30320D0A302E30372C20302E30312C20312E30310D0A302E30372C20302E30302C20312E30320D0A
02-20-2018 19:47:51.668,2545,RECV,302E30382C20302E30312C20312E30320D0A302E30372C20302E30312C20312E30320D0A302E30382C20302E3031
02-20-2018 19:47:51.718,2546,RECV,2C20312E30320D0A302E30382C20302E30312C20312E30320D0A302E30372C20302E30322C20312E30310D0A302E30
02-20-2018 19:47:51.769,2547,RECV,372C20302E30312C20312E30320D0A302E30382C20302E30312C20312E30320D0A302E30382C20302E30312C2031
02-20-2018 19:47:51.819,2548,RECV,2E30320D0A302E30372C20302E30312C20312E30310D0A302E30372C20302E30312C20312E30320D0A302E30372C
02-20-2018 19:47:51.871,2549,RECV,20302E30312C20312E30310D0A302E30372C20302E30312C20312E30320D0A302E30382C20302E30312C20312E30310D0A302E30382C20302E30312C20
02-20-2018 19:47:51.919,2550,RECV,312E30310D0A302E30382C20302E30312C20312E30320D0A302E30372C20302E30312C20312E30320D0A302E30372C
02-20-2018 19:47:51.969,2551,RECV,20302E30322C20312E30310D0A302E30372C20302E30312C20312E30320D0A302E30382C20302E30322C20312E30
02-20-2018 19:47:52.019,2552,RECV,320D0A302E30382C20302E30312C20312E30320D0A302E30372C20302E30312C20312E30310D0A302E30382C2030
02-20-2018 19:47:52.069,2553,RECV,2E30312C20312E30320D0A302E30372C20302E30322C20312E30310D0A302E30382C20302E30312C20312E30310D
02-20-2018 19:47:52.123,2554,RECV,0A302E30372C20302E30312C20312E30320D0A302E30372C20302E30312C20312E30320D0A302E30372C20302E30
02-20-2018 19:47:52.170,2555,RECV,312C20312E30310D0A302E30382C20302E30312C20312E30320D0A302E30372C20302E30312C20312E30310D0A30
02-20-2018 19:47:52.230,2556,RECV,2E30372C20302E30312C20312E30310D0A302E30372C20302E30312C20312E30310D0A302E30372C20302E30312C20312E30320D0A302E30372C20302E30
02-20-2018 19:47:52.270,2557,RECV,312C20312E30310D0A302E30382C20302E30312C20312E30310D0A302E30372C20302E30312C20312E30320D0A30
02-20-2018 19:47:52.340,2558,RECV,2E30372C20302E30312C20312E30320D0A302E30372C20302E30312C20312E30310D0A302E30382C20302E30312C
02-20-2018 19:47:52.371,2559,RECV,20312E30310D0A302E30372C20302E30312C20312E30310D0A302E30372C20302E30312C20312E30310D0A302E30
02-20-2018 19:47:52.421,2560,RECV,382C20302E30312C20312E30320D0A302E30382C20302E30322C20312E30310D0A302E30372C20302E30312C20312E
02-20-2018 19:47:52.472,2561,RECV,30320D0A302E30372C20302E30312C20312E30320D0A302E30372C20302E30312C20312E30310D0A302E30382C20
02-20-2018 19:47:52.522,2562,RECV,302E30312C20312E30320D0A302E30382C20302E30312C20312E30310D0A302E30372C20302E30312C20312E3032
02-20-2018 19:47:52.572,2563,RECV,0D0A302E30382C20302E30312C20312E30310D0A302E30382C20302E30312C20312E30310D0A302E30372C20302E30312C20312E30310D0A302E30372C20
02-20-2018 19:47:52.622,2564,RECV,302E30312C20312E30320D0A302E30382C20302E30312C20312E30320D0A302E30372C20302E30322C20312E3031
02-20-2018 19:47:52.672,2565,RECV,0D0A302E30372C20302E30322C20312E30320D0A302E30382C20302E30312C20312E30310D0A302E30382C20302E
02-20-2018 19:47:52.722,2566,RECV,30312C20312E30320D0A302E30382C20302E30312C20312E30310D0A302E30372C20302E30312C20312E30310D0A
02-20-2018 19:47:52.773,2567,RECV,302E30372C20302E30312C20312E30320D0A302E30372C20302E30312C20312E30310D0A302E30372C20302E3031
02-20-2018 19:47:52.823,2568,RECV,2C20312E30310D0A302E30372C20302E30312C20312E30320D0A302E30382C20302E30312C20312E30320D0A302E30
02-20-2018 19:47:52.881,2569,RECV,382C20302E30312C20312E30310D0A302E30382C20302E30312C20312E30320D0A302E30372C20302E30312C2031
02-20-2018 19:47:52.923,2570,RECV,2E30310D0A302E30382C20302E30312C20312E30320D0A302E30382C20302E30312C20312E30310D0A302E30372C
02-20-2018 19:47:52.991,2571,RECV,20302E30312C20312E30320D0A302E30372C20302E30312C20312E30310D0A302E30382C20302E30312C20312E30310D0A302E30382C20302E30312C20
02-20-2018 19:47:53.024,2572,RECV,312E30310D0A302E30372C20302E30312C20312E30310D0A302E30382C20302E30322C20312E30320D0A302E30382C
02-20-2018 19:47:53.074,2573,RECV,20302E30312C20312E30320D0A302E30382C20302E30312C20312E30320D0A302E30372C20302E30312C20312E30
02-20-2018 19:47:53.124,2574,RECV,320D0A302E30382C20302E30312C20312E30310D0A302E30372C20302E30312C20312E30320D0A302E30382C2030
02-20-2018 19:47:53.175,2575,RECV,2E30312C20312E30320D0A302E30372C20302E30312C20312E30310D0A302E30382C20302E30312C20312E30310D
02-20-2018 19:47:53.225,2576,RECV,0A302E30372C20302E30312C20312E30310D0A302E30372C20302E30312C20312E30310D0A302E30382C20302E30
02-20-2018 19:47:53.275,2577,RECV,312C20312E30320D0A302E30372C20302E30312C20312E30310D0A302E30382C20302E30312C20312E30310D0A302E
02-20-2018 19:47:53.325,2578,RECV,30382C20302E30312C20312E30310D0A302E30372C20302E30312C20312E30320D0A302E30372C20302E30312C20312E30310D0A302E30372C20302E30
02-20-2018 19:47:53.375,2579,RECV,312C20312E30310D0A302E30372C20302E30312C20312E30310D0A302E30372C20302E30312C20312E30310D0A30
02-20-2018 19:47:53.425,2580,RECV,2E30382C20302E30312C20312E30320D0A302E30382C20302E30312C20312E30310D0A302E30372C20302E30312C
02-20-2018 19:47:53.475,2581,RECV,20312E30310D0A302E30372C20302E30312C20312E30310D0A302E30372C20302E30322C20312E30320D0A302E3037
02-20-2018 19:47:53.525,2582,RECV,2C20302E30312C20312E30310D0A302E30372C20302E30312C20312E30320D0A302E30382C20302E30312C20312E
02-20-2018 19:47:53.575,2583,RECV,30310D0A302E30382C20302E30312C20312E30320D0A302E30372C20302E30312C20312E30320D0A302E30372C20
02-20-2018 19:47:53.630,2584,RECV,302E30312C20312E30310D0A302E30382C20302E30312C20312E30310D0A302E30382C20302E30312C20312E3032
02-20-2018 19:47:53.675,2585,RECV,0D0A302E30372C20302E30312C20312E30310D0A302E30372C20302E30312C20312E30310D0A302E30382C20302E
02-20-2018 19:47:53.735,2586,RECV,30312C20312E30310D0A302E30372C20302E30312C20312E30310D0A302E30382C20302E30312C20312E30320D0A302E30372C20302E30312C20312E3032
02-20-2018 19:47:53.775,2587,RECV,0D0A302E30382C20302E30312C20312E30320D0A302E30372C20302E30312C20312E30310D0A302E30372C20302E
02-20-2018 19:47:53.843,2588,RECV,30312C20312E30320D0A302E30382C20302E30312C20312E30310D0A302E30372C20302E30312C20312E30310D0A
02-20-2018 19:47:53.876,2589,RECV,302E30382C20302E30312C20312E30310D0A302E30382C20302E30312C20312E30320D0A302E30382C20302E3031
02-20-2018 19:47:53.926,2590,RECV,2C20312E30310D0A302E30382C20302E30312C20312E30320D0A302E30382C20302E30312C20312E30320D0A302E30
02-20-2018 19:47:53.976,2591,RECV,382C20302E30312C20312E30310D0A302E30372C20302E30312C20312E30310D0A302E30372C20302E30312C2031
02-20-2018 19:47:54.026,2592,RECV,2E30310D0A302E30382C20302E30312C20312E30310D0A302E30382C20302E30312C20312E30320D0A302E30372C
02-20-2018 19:47:54.076,2593,RECV,20302E30312C20312E30310D0A302E30372C20302E30322C20312E30310D0A302E30382C20302E30312C20312E30
02-20-2018 19:47:54.126,2594,RECV,310D0A302E30382C20302E30312C20312E30320D0A302E30382C20302E30312C20312E30310D0A302E30372C20302E30312C20312E30310D0A302E30372C
02-20-2018 19:47:54.176,2595,RECV,20302E30312C20312E30320D0A302E30372C20302E30312C20312E30320D0A302E30372C20302E30312C20312E30
02-20-2018 19:47:54.226,2596,RECV,320D0A302E30372C20302E30312C20312E30310D0A302E30372C20302E30312C20312E30310D0A302E30372C2030
02-20-2018 19:47:54.278,2597,RECV,2E30312C20312E30320D0A302E30372C20302E30312C20312E30310D0A302E30372C20302E30312C20312E30310D
02-20-2018 19:47:54.326,2598,RECV,0A302E30372C20302E30312C20312E30320D0A302E30372C20302E30322C20312E30310D0A302E30372C20302E3031
02-20-2018 19:47:54.385,2599,RECV,2C20312E30320D0A302E30382C20302E30312C20312E30320D0A302E30372C20302E30312C20312E30310D0A302E
02-20-2018 19:47:54.427,2600,RECV,30372C20302E30322C20312E30310D0A302E30372C20302E30312C20312E30310D0A302E30382C20302E30312C20
02-20-2018 19:47:54.496,2601,RECV,312E30310D0A302E30372C20302E30312C20312E30310D0A302E30372C20302E30322C20312E30310D0A302E30382C20302E30312C20312E30320D0A302E
02-20-2018 19:47:54.527,2602,RECV,30372C20302E30312C20312E30310D0A302E30382C20302E30312C20312E30310D0A302E30372C20302E30312C20
02-20-2018 19:47:54.577,2603,RECV,312E30310D0A302E30382C20302E30312C20312E30310D0A302E30372C20302E30322C20312E30320D0A302E3037
02-20-2018 19:47:54.627,2604,RECV,2C20302E30322C20312E30320D0A302E30382C20302E30312C20312E30310D0A302E30372C20302E30312C20312E
02-20-2018 19:47:54.678,2605,RECV,30320D0A302E30382C20302E30312C20312E30310D0A302E30372C20302E30312C20312E30320D0A302E30372C20
02-20-2018 19:47:54.728,2606,RECV,302E30312C20312E30310D0A302E30372C20302E30312C20312E30310D0A302E30372C20302E30312C20312E30310D
02-20-2018 19:47:54.778,2607,RECV,0A302E30372C20302E30312C20312E30320D0A302E30382C20302E30312C20312E30310D0A302E30372C20302E30
02-20-2018 19:47:54.828,2608,RECV,312C20312E30310D0A302E30372C20302E30312C20312E30320D0A302E30372C20302E30312C20312E30310D0A30
02-20-2018 19:47:54.878,2609,RECV,2E30382C20302E30312C20312E30320D0A302E30372C20302E30312C20312E30320D0A302E30382C20302E30312C20312E30320D0A302E30382C20302E30
02-20-2018 19:47:54.928,2610,RECV,312C20312E30310D0A302E30372C20302E30312C20312E30320D0A302E30382C20302E30312C20312E30320D0A30
02-20-2018 19:47:54.979,2611,RECV,2E30372C20302E30312C20312E30320D0A302E30372C20302E30322C20312E30320D0A302E30372C20302E30312C
02-20-2018 19:47:55.033,2612,RECV,20312E30320D0A302E30382C20302E30312C20312E30320D0A302E30372C20302E30312C20312E30320D0A302E30
02-20-2018 19:47:55.079,2613,RECV,372C20302E30312C20312E30310D0A302E30372C20302E30312C20312E30310D0A302E30372C20302E30312C2031
02-20-2018 19:47:55.135,2614,RECV,2E30320D0A302E30382C20302E30312C20312E30310D0A302E30372C20302E30312C20312E30310D0A302E30372C20
02-20-2018 19:47:55.180,2615,RECV,302E30312C20312E30320D0A302E30382C20302E30312C20312E30310D0A302E30372C20302E30312C20312E3031
02-20-2018 19:47:55.239,2616,RECV,0D0A302E30372C20302E30312C20312E30310D0A302E30372C20302E30322C20312E30310D0A302E30372C20302E30312C20312E30310D0A302E30382C
02-20-2018 19:47:55.280,2617,RECV,20302E30322C20312E30310D0A302E30372C20302E30322C20312E30320D0A302E30382C20302E30312C20312E3031
02-20-2018 19:47:55.348,2618,RECV,0D0A302E30372C20302E30322C20312E30310D0A302E30382C20302E30312C20312E30310D0A302E30372C20302E
02-20-2018 19:47:55.380,2619,RECV,30312C20312E30310D0A302E30372C20302E30312C20312E30310D0A302E30372C20302E30312C20312E30310D0A
02-20-2018 19:47:55.430,2620,RECV,302E30372C20302E30312C20312E30310D0A302E30372C20302E30312C20312E30310D0A302E30372C20302E3031
02-20-2018 19:47:55.480,2621,RECV,2C20312E30310D0A302E30382C20302E30312C20312E30310D0A302E30382C20302E30312C20312E30310D0A302E
02-20-2018 19:47:55.530,2622,RECV,30372C20302E30312C20312E30310D0A302E30382C20302E30312C20312E30310D0A302E30382C20302E30322C2031
02-20-2018 19:47:55.580,2623,RECV,2E30310D0A302E30372C20302E30322C20312E30310D0A302E30372C20302E30312C20312E30310D0A302E30372C
02-20-2018 19:47:55.630,2624,RECV,20302E30312C20312E30320D0A302E30372C20302E30312C20312E30320D0A302E30372C20302E30322C20312E30310D0A302E30372C20302E30312C20
02-20-2018 19:47:55.680,2625,RECV,312E30320D0A302E30382C20302E30312C20312E30310D0A302E30372C20302E30312C20312E30310D0A302E30372C
02-20-2018 19:47:55.730,2626,RECV,20302E30312C20312E30320D0A302E30372C20302E30312C20312E30320D0A302E30382C20302E30312C20312E30
02-20-2018 19:47:55.781,2627,RECV,310D0A302E30372C20302E30312C20312E30310D0A302E30372C20302E30322C20312E30320D0A302E30372C2030
02-20-2018 19:47:55.831,2628,RECV,2E30312C20312E30310D0A302E30382C20302E30312C20312E30310D0A302E30372C20302E30312C20312E30310D
02-20-2018 19:47:55.881,2629,RECV,0A302E30372C20302E30312C20312E30320D0A302E30372C20302E30312C20312E30320D0A302E30372C20302E30
02-20-2018 19:47:55.931,2630,RECV,312C20312E30310D0A302E30382C20302E30312C20312E30320D0A302E30372C20302E30312C20312E30310D0A302E
02-20-2018 19:47:55.994,2631,RECV,30372C20302E30312C20312E30310D0A302E30382C20302E30312C20312E30320D0A302E30372C20302E30312C20
02-20-2018 19:47:56.032,2632,RECV,312E30320D0A302E30372C20302E30312C20312E30310D0A302E30372C20302E30312C20312E30310D0A302E30372C20302E30312C20312E30310D0A30
02-20-2018 19:47:56.082,2633,RECV,2E30382C20302E30312C20312E30310D0A302E30372C20302E30312C20312E30310D0A302E30372C20302E30312C20
02-20-2018 19:47:56.132,2634,RECV,312E30320D0A302E30372C20302E30312C20312E30310D0A302E30372C20302E30312C20312E30320D0A302E3038
02-20-2018 19:47:56.183,2635,RECV,2C20302E30322C20312E30320D0A302E30372C20302E30312C20312E30310D0A302E30372C20302E30322C20312E
02-20-2018 19:47:56.233,2636,RECV,30310D0A302E30382C20302E30312C20312E30310D0A302E30382C20302E30312C20312E30320D0A302E30372C20
02-20-2018 19:47:56.283,2637,RECV,302E30312C20312E30310D0A302E30372C20302E30312C20312E30310D0A302E30382C20302E30312C20312E3032
02-20-2018 19:47:56.333,2638,RECV,0D0A302E30372C20302E30312C20312E30320D0A302E30382C20302E30312C20312E30320D0A302E30372C20302E30
02-20-2018 19:47:56.383,2639,RECV,312C20312E30310D0A302E30372C20302E30312C20312E30310D0A302E30372C20302E30312C20312E30310D0A302E30382C20302E30312C20312E3032
02-20-2018 19:47:56.434,2640,RECV,0D0A302E30372C20302E30312C20312E30310D0A302E30372C20302E30312C20312E30310D0A302E30372C20302E
02-20-2018 19:47:56.484,2641,RECV,30312C20312E30310D0A302E30382C20302E30312C20312E30310D0A302E30372C20302E30322C20312E30320D0A30
02-20-2018 19:47:56.538,2642,RECV,2E30382C20302E30312C20312E30310D0A302E30372C20302E30322C20312E30310D0A302E30372C20302E30312C
02-20-2018 19:47:56.584,2643,RECV,20312E30310D0A302E30372C20302E30312C20312E30320D0A302E30372C20302E30312C20312E30310D0A302E30
02-20-2018 19:47:56.642,2644,RECV,382C20302E30312C20312E30310D0A302E30382C20302E30312C20312E30310D0A302E30372C20302E30312C2031
02-20-2018 19:47:56.684,2645,RECV,2E30320D0A302E30372C20302E30312C20312E30310D0A302E30372C20302E30312C20312E30310D0A302E30382C
02-20-2018 19:47:56.748,2646,RECV,20302E30312C20312E30310D0A302E30372C20302E30312C20312E30310D0A302E30372C20302E30312C20312E3031
02-20-2018 19:47:56.784,2647,RECV,0D0A302E30372C20302E30312C20312E30320D0A302E30372C20302E30312C20312E30320D0A302E30382C20302E30312C20312E30310D0A302E30372C
02-20-2018 19:47:56.834,2648,RECV,20302E30312C20312E30310D0A302E30382C20302E30312C20312E30320D0A302E30382C20302E30312C20312E30
02-20-2018 19:47:56.884,2649,RECV,310D0A302E30372C20302E30322C20312E30310D0A302E30372C20302E30322C20312E30320D0A302E30372C20302E
02-20-2018 19:47:56.935,2650,RECV,30312C20312E30320D0A302E30372C20302E30312C20312E30320D0A302E30372C20302E30322C20312E30320D0A
02-20-2018 19:47:56.985,2651,RECV,302E30382C20302E30312C20312E30320D0A302E30372C20302E30312C20312E30310D0A302E30372C20302E3031
02-20-2018 19:47:57.035,2652,RECV,2C20312E30310D0A302E30372C20302E30322C20312E30320D0A302E30382C20302E30312C20312E30310D0A302E
02-20-2018 19:47:57.085,2653,RECV,30372C20302E30322C20312E30310D0A302E30372C20302E30312C20312E30310D0A302E30372C20302E30312C2031
02-20-2018 19:47:57.135,2654,RECV,2E30320D0A302E30372C20302E30312C20312E30310D0A302E30372C20302E30312C20312E30310D0A302E30382C
02-20-2018 19:47:57.185,2655,RECV,20302E30312C20312E30320D0A302E30372C20302E30312C20312E30310D0A302E30382C20302E30312C20312E30310D0A302E30372C20302E30312C20
02-20-2018 19:47:57.235,2656,RECV,312E30310D0A302E30372C20302E30312C20312E30320D0A302E30372C20302E30312C20312E30320D0A302E30382C
02-20-2018 19:47:57.285,2657,RECV,20302E30312C20312E30310D0A302E30372C20302E30312C20312E30310D0A302E30372C20302E30322C20312E30
02-20-2018 19:47:57.335,2658,RECV,310D0A302E30382C20302E30312C20312E30310D0A302E30372C20302E30312C20312E30320D0A302E30372C2030
02-20-2018 19:47:57.387,2659,RECV,2E30322C20312E30320D0A302E30382C20302E30312C20312E30320D0A302E30372C20302E30312C20312E30320D
02-20-2018 19:47:57.435,2660,RECV,0A302E30372C20302E30312C20312E30320D0A302E30372C20302E30312C20312E30310D0A302E30382C20302E30
02-20-2018 19:47:57.497,2661,RECV,312C20312E30320D0A302E30372C20302E30312C20312E30320D0A302E30382C20302E30312C20312E30310D0A302E
02-20-2018 19:47:57.535,2662,RECV,30372C20302E30322C20312E30320D0A302E30382C20302E30312C20312E30320D0A302E30372C20302E30312C20312E30310D0A302E30382C20302E30
02-20-2018 19:47:57.586,2663,RECV,322C20312E30320D0A302E30372C20302E30312C20312E30310D0A302E30382C20302E30312C20312E30310D0A30
02-20-2018 19:47:57.636,2664,RECV,2E30372C20302E30312C20312E30310D0A302E30372C20302E30312C20312E30310D0A302E30372C20302E30312C20
02-20-2018 19:47:57.686,2665,RECV,312E30320D0A302E30372C20302E30312C20312E30320D0A302E30382C20302E30312C20312E30320D0A302E3037
02-20-2018 19:47:57.736,2666,RECV,2C20302E30322C20312E30310D0A302E30372C20302E30312C20312E30320D0A302E30382C20302E30312C20312E
02-20-2018 19:47:57.786,2667,RECV,30310D0A302E30372C20302E30312C20312E30320D0A302E30372C20302E30312C20312E30310D0A302E30372C20
02-20-2018 19:47:57.836,2668,RECV,302E30312C20312E30320D0A302E30382C20302E30312C20312E30320D0A302E30382C20302E30312C20312E3031
02-20-2018 19:47:57.887,2669,RECV,0D0A302E30382C20302E30312C20312E30310D0A302E30372C20302E30312C20312E30320D0A302E30372C20302E30
02-20-2018 19:47:57.947,2670,RECV,312C20312E30310D0A302E30372C20302E30312C20312E30320D0A302E30372C20302E30312C20312E30320D0A302E30372C20302E30312C20312E3031
02-20-2018 19:47:57.987,2671,RECV,0D0A302E30372C20302E30312C20312E30310D0A302E30372C20302E30312C20312E30320D0A302E30382C20302E
02-20-2018 19:47:58.057,2672,RECV,30312C20312E30310D0A302E30382C20302E30312C20312E30310D0A302E30382C20302E30312C20312E30310D0A30
02-20-2018 19:47:58.088,2673,RECV,2E30372C20302E30312C20312E30320D0A302E30372C20302E30312C20312E30310D0A302E30382C20302E30312C
02-20-2018 19:47:58.138,2674,RECV,20312E30320D0A302E30382C20302E30312C20312E30320D0A302E30372C20302E30312C20312E30310D0A302E30
02-20-2018 19:47:58.188,2675,RECV,372C20302E30312C20312E30310D0A302E30372C20302E30302C20312E30310D0A302E30372C20302E30312C2031
02-20-2018 19:47:58.238,2676,RECV,2E30310D0A302E30372C20302E30312C20312E30310D0A302E30372C20302E30312C20312E30310D0A302E30382C
02-20-2018 19:47:58.289,2677,RECV,20302E30312C20312E30320D0A302E30372C20302E30312C20312E30310D0A302E30372C20302E30322C20312E30310D0A302E30372C20302E30312C2031
02-20-2018 19:47:58.339,2678,RECV,2E30310D0A302E30382C20302E30312C20312E30310D0A302E30382C20302E30312C20312E30310D0A302E30382C
02-20-2018 19:47:58.389,2679,RECV,20302E30312C20312E30320D0A302E30372C20302E30312C20312E30320D0A302E30372C20302E30312C20312E30
02-20-2018 19:47:58.439,2680,RECV,310D0A302E30372C20302E30322C20312E30320D0A302E30382C20302E30312C20312E30310D0A302E30372C20302E
02-20-2018 19:47:58.490,2681,RECV,30312C20312E30310D0A302E30372C20302E30312C20312E30310D0A302E30372C20302E30312C20312E30310D0A
02-20-2018 19:47:58.539,2682,RECV,302E30372C20302E30312C20312E30310D0A302E30382C20302E30312C20312E30310D0A302E30372C20302E3032
02-20-2018 19:47:58.604,2683,RECV,2C20312E30320D0A302E30372C20302E30312C20312E30320D0A302E30382C20302E30322C20312E30310D0A302E
02-20-2018 19:47:58.640,2684,RECV,30372C20302E30312C20312E30310D0A302E30372C20302E30312C20312E30310D0A302E30372C20302E30322C20
02-20-2018 19:47:58.640,2685,RECV,312E30320D0A302E30382C20302E3031
02-20-2018 19:47:58.690,2686,RECV,2C20312E30310D0A302E30372C20302E30322C20312E30310D0A302E30372C20302E30322C20312E30310D0A302E
02-20-2018 19:47:58.740,2687,RECV,30372C20302E30312C20312E30310D0A302E30372C20302E30312C20312E30310D0A302E30372C20302E30312C20
02-20-2018 19:47:58.791,2688,RECV,312E30310D0A302E30372C20302E30312C20312E30310D0A302E30382C20302E30312C20312E30320D0A302E3037
02-20-2018 19:47:58.841,2689,RECV,2C20302E30312C20312E30310D0A302E30372C20302E30312C20312E30310D0A302E30372C20302E30312C20312E
02-20-2018 19:47:58.891,2690,RECV,30320D0A302E30382C20302E30312C20312E30320D0A302E30372C20302E30312C20312E30320D0A302E30372C2030
02-20-2018 19:47:58.941,2691,RECV,2E30312C20312E30320D0A302E30372C20302E30312C20312E30320D0A302E30372C20302E30312C20312E30310D
02-20-2018 19:47:58.992,2692,RECV,0A302E30382C20302E30312C20312E30320D0A302E30372C20302E30312C20312E30320D0A302E30372C20302E30
02-20-2018 19:47:59.042,2693,RECV,312C20312E30310D0A302E30372C20302E30312C20312E30320D0A302E30372C20302E30312C20312E30310D0A302E30372C20302E30312C20312E3031
02-20-2018 19:47:59.092,2694,RECV,0D0A302E30372C20302E30312C20312E30320D0A302E30372C20302E30312C20312E30320D0A302E30372C20302E30
02-20-2018 19:47:59.148,2695,RECV,312C20312E30310D0A302E30372C20302E30312C20312E30310D0A302E30372C20302E30312C20312E30320D0A30
02-20-2018 19:47:59.192,2696,RECV,2E30372C20302E30312C20312E30310D0A302E30372C20302E30312C20312E30310D0A302E30372C20302E30312C
02-20-2018 19:47:59.251,2697,RECV,20312E30310D0A302E30372C20302E30312C20312E30310D0A302E30372C20302E30312C20312E30310D0A302E30
02-20-2018 19:47:59.293,2698,RECV,372C20302E30312C20312E30310D0A302E30382C20302E30312C20312E30310D0A302E30372C20302E30322C2031
02-20-2018 19:47:59.355,2699,RECV,2E30310D0A302E30372C20302E30312C20312E30310D0A302E30372C20302E30312C20312E30310D0A302E30372C20
02-20-2018 19:47:59.393,2700,RECV,302E30312C20312E30320D0A302E30382C20302E30312C20312E30310D0A302E30372C20302E30312C20312E30310D0A302E30382C20302E30312C2031
02-20-2018 19:47:59.443,2701,RECV,2E30320D0A302E30372C20302E30312C20312E30310D0A302E30382C20302E30312C20312E30310D0A302E30372C
02-20-2018 19:47:59.493,2702,RECV,20302E30322C20312E30310D0A302E30372C20302E30312C20312E30310D0A302E30382C20302E30312C20312E3031
02-20-2018 19:47:59.543,2703,RECV,0D0A302E30372C20302E30312C20312E30310D0A302E30372C20302E30312C20312E30310D0A302E30382C20302E
02-20-2018 19:47:59.593,2704,RECV,30312C20312E30320D0A302E30372C20302E30312C20312E30310D0A302E30372C20302E30312C20312E30310D0A
02-20-2018 19:47:59.644,2705,RECV,302E30372C20302E30312C20312E30310D0A302E30382C20302E30322C20312E30310D0A302E30372C20302E3031
02-20-2018 19:47:59.694,2706,RECV,2C20312E30310D0A302E30372C20302E30312C20312E30310D0A302E30382C20302E30312C20312E30320D0A302E
02-20-2018 19:47:59.744,2707,RECV,30372C20302E30312C20312E30320D0A302E30372C20302E30312C20312E30310D0A302E30382C20302E30312C2031
02-20-2018 19:47:59.794,2708,RECV,2E30310D0A302E30382C20302E30312C20312E30320D0A302E30372C20302E30312C20312E30320D0A302E30372C20302E30312C20312E30310D0A302E
02-20-2018 19:47:59.844,2709,RECV,30382C20302E30312C20312E30310D0A302E30372C20302E30322C20312E30310D0A302E30372C20302E30312C20
02-20-2018 19:47:59.898,2710,RECV,312E30310D0A302E30372C20302E30312C20312E30320D0A302E30372C20302E30312C20312E30320D0A302E30372C
02-20-2018 19:47:59.945,2711,RECV,20302E30312C20312E30310D0A302E30382C20302E30312C20312E30320D0A302E30372C20302E30302C20312E30
02-20-2018 19:48:00.008,2712,RECV,320D0A302E30382C20302E30312C20312E30320D0A302E30372C20302E30322C20312E30320D0A302E30382C2030
02-20-2018 19:48:00.045,2713,RECV,2E30322C20312E30320D0A302E30372C20302E30312C20312E30310D0A302E30382C20302E30312C20312E30310D
02-20-2018 19:48:00.096,2714,RECV,0A302E30382C20302E30312C20312E30310D0A302E30382C20302E30312C20312E30310D0A302E30382C20302E30
02-20-2018 19:48:00.146,2715,RECV,312C20312E30310D0A302E30382C20302E30312C20312E30310D0A302E30382C20302E30312C20312E30310D0A302E30372C20302E30312C20312E30320D
02-20-2018 19:48:00.196,2716,RECV,0A302E30372C20302E30322C20312E30310D0A302E30382C20302E30312C20312E30310D0A302E30372C20302E30
02-20-2018 19:48:00.246,2717,RECV,312C20312E30310D0A302E30372C20302E30312C20312E30310D0A302E30382C20302E30312C20312E30310D0A30
02-20-2018 19:48:00.296,2718,RECV,2E30372C20302E30312C20312E30310D0A302E30382C20302E30312C20312E30310D0A302E30382C20302E30312C
02-20-2018 19:48:00.346,2719,RECV,20312E30310D0A302E30372C20302E30312C20312E30320D0A302E30372C20302E30312C20312E30310D0A302E3038
02-20-2018 19:48:00.396,2720,RECV,2C20302E30312C20312E30310D0A302E30372C20302E30312C20312E30320D0A302E30372C20302E30312C20312E
02-20-2018 19:48:00.446,2721,RECV,30310D0A302E30382C20302E30312C20312E30310D0A302E30372C20302E30312C20312E30310D0A302E30372C20
02-20-2018 19:48:00.497,2722,RECV,302E30322C20312E30320D0A302E30372C20302E30312C20312E30320D0A302E30372C20302E30312C20312E3032
02-20-2018 19:48:00.553,2723,RECV,0D0A302E30382C20302E30312C20312E30310D0A302E30372C20302E30312C20312E30320D0A302E30382C20302E30312C20312E30320D0A302E30382C20
02-20-2018 19:48:00.597,2724,RECV,302E30312C20312E30310D0A302E30372C20302E30312C20312E30320D0A302E30372C20302E30312C20312E3031
02-20-2018 19:48:00.657,2725,RECV,0D0A302E30372C20302E30312C20312E30310D0A302E30372C20302E30312C20312E30310D0A302E30382C20302E
02-20-2018 19:48:00.698,2726,RECV,30312C20312E30310D0A302E30372C20302E30312C20312E30310D0A302E30382C20302E30312C20312E30320D0A30
02-20-2018 19:48:00.748,2727,RECV,2E30382C20302E30312C20312E30320D0A302E30382C20302E30312C20312E30310D0A302E30372C20302E30312C
02-20-2018 19:48:00.799,2728,RECV,20312E30320D0A302E30372C20302E30312C20312E30310D0A302E30382C20302E30312C20312E30320D0A302E30
02-20-2018 19:48:00.849,2729,RECV,372C20302E30312C20312E30310D0A302E30372C20302E30312C20312E30310D0A302E30372C20302E30312C2031
02-20-2018 19:48:00.899,2730,RECV,2E30320D0A302E30382C20302E30312C20312E30310D0A302E30372C20302E30322C20312E30310D0A302E30382C20302E30312C20312E30320D0A302E30
02-20-2018 19:48:00.949,2731,RECV,382C20302E30312C20312E30310D0A302E30372C20302E30312C20312E30310D0A302E30372C20302E30312C2031
02-20-2018 19:48:00.999,2732,RECV,2E30310D0A302E30372C20302E30312C20312E30310D0A302E30372C20302E30312C20312E30310D0A302E30372C
02-20-2018 19:48:01.049,2733,RECV,20302E30322C20312E30310D0A302E30382C20302E30312C20312E30310D0A302E30382C20302E30312C20312E30
02-20-2018 19:48:01.100,2734,RECV,310D0A302E30382C20302E30312C20312E30310D0A302E30372C20302E30312C20312E30310D0A302E30372C20302E
02-20-2018 19:48:01.150,2735,RECV,30312C20312E30310D0A302E30372C20302E30312C20312E30320D0A302E30382C20302E30312C20312E30310D0A
02-20-2018 19:48:01.200,2736,RECV,302E30382C20302E30312C20312E30320D0A302E30372C20302E30312C20312E30320D0A302E30382C20302E3031
02-20-2018 19:48:01.250,2737,RECV,2C20312E30320D0A302E30372C20302E30312C20312E30320D0A302E30382C20302E30312C20312E30310D0A302E30372C20302E30312C20312E30310D0A
02-20-2018 19:48:01.300,2738,RECV,302E30372C20302E30312C20312E30320D0A302E30372C20302E30312C20312E30310D0A302E30372C20302E3031
02-20-2018 19:48:01.350,2739,RECV,2C20312E30310D0A302E30372C20302E30312C20312E30310D0A302E30372C20302E30312C20312E30320D0A302E
02-20-2018 19:48:01.407,2740,RECV,30372C20302E30312C20312E30310D0A302E30372C20302E30312C20312E30300D0A302E30372C20302E30312C20
02-20-2018 19:48:01.450,2741,RECV,312E30310D0A302E30372C20302E30312C20312E30320D0A302E30372C20302E30312C20312E30310D0A302E3037
02-20-2018 19:48:01.517,2742,RECV,2C20302E30312C20312E30310D0A302E30372C20302E30322C20312E30310D0A302E30382C20302E30322C20312E30
02-20-2018 19:48:01.550,2743,RECV,310D0A302E30382C20302E30312C20312E30310D0A302E30382C20302E30312C20312E30310D0A302E30372C2030
02-20-2018 19:48:01.600,2744,RECV,2E30312C20312E30310D0A302E30372C20302E30312C20312E30320D0A302E30372C20302E30312C20312E30310D
02-20-2018 19:48:01.651,2745,RECV,0A302E30382C20302E30312C20312E30310D0A302E30372C20302E30312C20312E30310D0A302E30372C20302E30322C20312E30320D0A302E30372C2030
02-20-2018 19:48:01.701,2746,RECV,2E30312C20312E30310D0A302E30372C20302E30312C20312E30310D0A302E30382C20302E30312C20312E30310D
02-20-2018 19:48:01.751,2747,RECV,0A302E30382C20302E30312C20312E30310D0A302E30372C20302E30322C20312E30320D0A302E30372C20302E30
02-20-2018 19:48:01.802,2748,RECV,312C20312E30320D0A302E30372C20302E30312C20312E30310D0A302E30382C20302E30312C20312E30310D0A30
02-20-2018 19:48:01.852,2749,RECV,2E30372C20302E30312C20312E30320D0A302E30382C20302E30312C20312E30310D0A302E30372C20302E30312C
02-20-2018 19:48:01.902,2750,RECV,20312E30310D0A302E30382C20302E30312C20312E30320D0A302E30372C20302E30312C20312E30320D0A302E3037
02-20-2018 19:48:01.960,2751,RECV,2C20302E30312C20312E30310D0A302E30382C20302E30312C20312E30320D0A302E30382C20302E30312C20312E
02-20-2018 19:48:02.002,2752,RECV,30310D0A302E30372C20302E30322C20312E30310D0A302E30372C20302E30312C20312E30320D0A302E30372C20
02-20-2018 19:48:02.073,2753,RECV,302E30312C20312E30310D0A302E30382C20302E30312C20312E30310D0A302E30372C20302E30312C20312E30320D0A302E30382C20302E30302C20312E
02-20-2018 19:48:02.102,2754,RECV,30310D0A302E30372C20302E30302C20312E30310D0A302E30372C20302E30312C20312E30310D0A302E30382C20
02-20-2018 19:48:02.152,2755,RECV,302E30312C20312E30320D0A302E30372C20302E30322C20312E30310D0A302E30372C20302E30312C20312E3031
02-20-2018 19:48:02.202,2756,RECV,0D0A302E30382C20302E30312C20312E30310D0A302E30372C20302E30312C20312E30310D0A302E30372C20302E
02-20-2018 19:48:02.253,2757,RECV,30312C20312E30310D0A302E30372C20302E30312C20312E30310D0A302E30382C20302E30312C20312E30320D0A
02-20-2018 19:48:02.303,2758,RECV,302E30372C20302E30312C20312E30310D0A302E30372C20302E30312C20312E30310D0A302E30372C20302E30312C
02-20-2018 19:48:02.354,2759,RECV,20312E30310D0A302E30372C20302E30312C20312E30310D0A302E30372C20302E30312C20312E30320D0A302E30
02-20-2018 19:48:02.404,2760,RECV,372C20302E30322C20312E30310D0A302E30372C20302E30312C20312E30320D0A302E30372C20302E30312C20312E30310D0A302E30372C20302E3031
02-20-2018 19:48:02.454,2761,RECV,2C20312E30320D0A302E30382C20302E30312C20312E30310D0A302E30382C20302E30322C20312E30320D0A302E30
02-20-2018 19:48:02.507,2762,RECV,372C20302E30312C20312E30320D0A302E30372C20302E30312C20312E30310D0A302E30382C20302E30312C2031
02-20-2018 19:48:02.554,2763,RECV,2E30310D0A302E30382C20302E30312C20312E30320D0A302E30382C20302E30312C20312E30310D0A302E30372C
02-20-2018 19:48:02.619,2764,RECV,20302E30312C20312E30310D0A302E30372C20302E30312C20312E30310D0A302E30372C20302E30312C20312E30
02-20-2018 19:48:02.655,2765,RECV,320D0A302E30372C20302E30312C20312E30310D0A302E30372C20302E30312C20312E30320D0A302E30382C2030
02-20-2018 19:48:02.705,2766,RECV,2E30312C20312E30310D0A302E30382C20302E30312C20312E30310D0A302E30372C20302E30312C20312E30310D0A
02-20-2018 19:48:02.755,2767,RECV,302E30372C20302E30322C20312E30310D0A302E30372C20302E30312C20312E30310D0A302E30372C20302E30312C20312E30310D0A302E30372C2030
02-20-2018 19:48:02.805,2768,RECV,2E30312C20312E30320D0A302E30372C20302E30312C20312E30310D0A302E30372C20302E30312C20312E30310D0A
02-20-2018 19:48:02.856,2769,RECV,302E30382C20302E30312C20312E30320D0A302E30372C20302E30312C20312E30320D0A302E30372C20302E3032
02-20-2018 19:48:02.906,2770,RECV,2C20312E30310D0A302E30382C20302E30312C20312E30320D0A302E30372C20302E30312C20312E30310D0A302E
02-20-2018 19:48:02.956,2771,RECV,30372C20302E30312C20312E30320D0A302E30382C20302E30312C20312E30320D0A302E30372C20302E30312C20
02-20-2018 19:48:03.006,2772,RECV,312E30310D0A302E30372C20302E30312C20312E30310D0A302E30372C20302E30312C20312E30310D0A302E3038
02-20-2018 19:48:03.056,2773,RECV,2C20302E30312C20312E30320D0A302E30372C20302E30312C20312E30320D0A302E30372C20302E30312C20312E30
02-20-2018 19:48:03.107,2774,RECV,320D0A302E30372C20302E30312C20312E30310D0A302E30382C20302E30312C20312E30320D0A302E30372C2030
02-20-2018 19:48:03.160,2775,RECV,2E30322C20312E30310D0A302E30372C20302E30312C20312E30310D0A302E30382C20302E30322C20312E30310D0A302E30372C20302E30312C20312E
02-20-2018 19:48:03.207,2776,RECV,30320D0A302E30372C20302E30322C20312E30310D0A302E30382C20302E30312C20312E30310D0A302E30382C2030
02-20-2018 19:48:03.263,2777,RECV,2E30322C20312E30310D0A302E30382C20302E30322C20312E30320D0A302E30372C20302E30322C20312E30320D
02-20-2018 19:48:03.307,2778,RECV,0A302E30382C20302E30312C20312E30310D0A302E30372C20302E30312C20312E30310D0A302E30372C20302E30
02-20-2018 19:48:03.368,2779,RECV,312C20312E30310D0A302E30382C20302E30312C20312E30310D0A302E30372C20302E30312C20312E30310D0A30
02-20-2018 19:48:03.407,2780,RECV,2E30382C20302E30312C20312E30320D0A302E30372C20302E30312C20312E30310D0A302E30372C20302E30312C
02-20-2018 19:48:03.457,2781,RECV,20312E30310D0A302E30372C20302E30312C20312E30310D0A302E30372C20302E30312C20312E30310D0A302E3037
02-20-2018 19:48:03.508,2782,RECV,2C20302E30322C20312E30310D0A302E30372C20302E30312C20312E30310D0A302E30372C20302E30312C20312E30310D0A302E30372C20302E30312C
02-20-2018 19:48:03.558,2783,RECV,20312E30320D0A302E30372C20302E30312C20312E30310D0A302E30372C20302E30312C20312E30310D0A302E30
02-20-2018 19:48:03.608,2784,RECV,372C20302E30312C20312E30320D0A302E30382C20302E30322C20312E30320D0A302E30372C20302E30322C20312E
02-20-2018 19:48:03.658,2785,RECV,30320D0A302E30382C20302E30312C20312E30320D0A302E30372C20302E30312C20312E30310D0A302E30382C20
02-20-2018 19:48:03.709,2786,RECV,302E30312C20312E30310D0A302E30382C20302E30312C20312E30320D0A302E30382C20302E30312C20312E3031
02-20-2018 19:48:03.759,2787,RECV,0D0A302E30372C20302E30312C20312E30310D0A302E30372C20302E30312C20312E30310D0A302E30372C20302E
02-20-2018 19:48:03.809,2788,RECV,30322C20312E30310D0A302E30372C20302E30312C20312E30310D0A302E30372C20302E30312C20312E30310D0A
02-20-2018 19:48:03.859,2789,RECV,302E30382C20302E30312C20312E30320D0A302E30372C20302E30312C20312E30310D0A302E30372C20302E30312C
02-20-2018 19:48:03.916,2790,RECV,20312E30320D0A302E30372C20302E30312C20312E30320D0A302E30372C20302E30322C20312E30320D0A302E30372C20302E30312C20312E30320D0A
02-20-2018 19:48:03.960,2791,RECV,302E30382C20302E30312C20312E30310D0A302E30372C20302E30322C20312E30320D0A302E30372C20302E3031
02-20-2018 19:48:04.026,2792,RECV,2C20312E30320D0A302E30372C20302E30312C20312E30310D0A302E30372C20302E30312C20312E30320D0A302E30
02-20-2018 19:48:04.060,2793,RECV,372C20302E30312C20312E30310D0A302E30382C20302E30312C20312E30310D0A302E30372C20302E30312C2031
02-20-2018 19:48:04.111,2794,RECV,2E30310D0A302E30372C20302E30312C20312E30310D0A302E30382C20302E30312C20312E30320D0A302E30372C
02-20-2018 19:48:04.161,2795,RECV,20302E30322C20312E30310D0A302E30372C20302E30312C20312E30310D0A302E30372C20302E30322C20312E30
02-20-2018 19:48:04.211,2796,RECV,320D0A302E30372C20302E30312C20312E30320D0A302E30382C20302E30322C20312E30310D0A302E30382C2030
02-20-2018 19:48:04.261,2797,RECV,2E30312C20312E30310D0A302E30382C20302E30312C20312E30310D0A302E30372C20302E30312C20312E30320D0A302E30372C20302E30312C20312E30
02-20-2018 19:48:04.311,2798,RECV,310D0A302E30372C20302E30322C20312E30320D0A302E30372C20302E30312C20312E30310D0A302E30382C2030
02-20-2018 19:48:04.361,2799,RECV,2E30312C20312E30310D0A302E30372C20302E30312C20312E30320D0A302E30372C20302E30312C20312E30310D
02-20-2018 19:48:04.412,2800,RECV,0A302E30372C20302E30312C20312E30310D0A302E30372C20302E30312C20312E30310D0A302E30372C20302E3031
02-20-2018 19:48:04.462,2801,RECV,2C20312E30310D0A302E30372C20302E30322C20312E30310D0A302E30372C20302E30312C20312E30320D0A302E
02-20-2018 19:48:04.512,2802,RECV,30372C20302E30312C20312E30320D0A302E30382C20302E30312C20312E30310D0A302E30382C20302E30312C20
02-20-2018 19:48:04.568,2803,RECV,312E30310D0A302E30372C20302E30312C20312E30310D0A302E30372C20302E30312C20312E30310D0A302E3038
02-20-2018 19:48:04.612,2804,RECV,2C20302E30312C20312E30310D0A302E30382C20302E30312C20312E30310D0A302E30372C20302E30312C20312E
02-20-2018 19:48:04.694,2805,RECV,30320D0A302E30372C20302E30312C20312E30320D0A302E30382C20302E30312C20312E30320D0A302E30372C20302E30312C20312E30310D0A302E3037
02-20-2018 19:48:04.713,2806,RECV,2C20302E30312C20312E30310D0A302E30382C20302E30312C20312E30320D0A302E30372C20302E30312C20312E
02-20-2018 19:48:04.763,2807,RECV,30310D0A302E30372C20302E30312C20312E30310D0A302E30372C20302E30322C20312E30320D0A302E30372C20
02-20-2018 19:48:04.813,2808,RECV,302E30322C20312E30320D0A302E30372C20302E30312C20312E30320D0A302E30372C20302E30312C20312E30320D
02-20-2018 19:48:04.863,2809,RECV,0A302E30372C20302E30312C20312E30310D0A302E30382C20302E30302C20312E30310D0A302E30382C20302E30
02-20-2018 19:48:04.913,2810,RECV,312C20312E30320D0A302E30382C20302E30312C20312E30320D0A302E30372C20302E30312C20312E30320D0A30
02-20-2018 19:48:04.963,2811,RECV,2E30372C20302E30312C20312E30310D0A302E30372C20302E30312C20312E30310D0A302E30372C20302E30312C
02-20-2018 19:48:05.019,2812,RECV,20312E30310D0A302E30372C20302E30312C20312E30320D0A302E30372C20302E30312C20312E30310D0A302E30372C20302E30312C20312E30310D0A30
02-20-2018 19:48:05.064,2813,RECV,2E30372C20302E30312C20312E30310D0A302E30382C20302E30312C20312E30310D0A302E30372C20302E30312C
02-20-2018 19:48:05.124,2814,RECV,20312E30320D0A302E30372C20302E30322C20312E30310D0A302E30372C20302E30312C20312E30310D0A302E30
02-20-2018 19:48:05.164,2815,RECV,372C20302E30312C20312E30310D0A302E30372C20302E30312C20312E30320D0A302E30382C20302E30312C20312E
02-20-2018 19:48:05.228,2816,RECV,30310D0A302E30372C20302E30312C20312E30320D0A302E30372C20302E30312C20312E30310D0A302E30372C20
02-20-2018 19:48:05.264,2817,RECV,302E30312C20312E30320D0A302E30382C20302E30312C20312E30310D0A302E30372C20302E30312C20312E3031
02-20-2018 19:48:05.314,2818,RECV,0D0A302E30382C20302E30312C20312E30310D0A302E30382C20302E30312C20312E30310D0A302E30382C20302E
02-20-2018 19:48:05.364,2819,RECV,30312C20312E30320D0A302E30372C20302E30312C20312E30310D0A302E30372C20302E30312C20312E30320D0A
02-20-2018 19:48:05.414,2820,RECV,302E30372C20302E30322C20312E30310D0A302E30372C20302E30312C20312E30320D0A302E30372C20302E30312C20312E30310D0A302E30382C20302E
02-20-2018 19:48:05.464,2821,RECV,30312C20312E30310D0A302E30372C20302E30322C20312E30310D0A302E30372C20302E30312C20312E30310D0A
02-20-2018 19:48:05.515,2822,RECV,302E30372C20302E30312C20312E30320D0A302E30372C20302E30312C20312E30310D0A302E30382C20302E3031
02-20-2018 19:48:05.565,2823,RECV,2C20312E30310D0A302E30372C20302E30312C20312E30320D0A302E30382C20302E30312C20312E30310D0A302E30
02-20-2018 19:48:05.615,2824,RECV,382C20302E30312C20312E30310D0A302E30372C20302E30312C20312E30310D0A302E30372C20302E30312C2031
02-20-2018 19:48:05.666,2825,RECV,2E30320D0A302E30372C20302E30312C20312E30320D0A302E30382C20302E30312C20312E30320D0A302E30372C
02-20-2018 19:48:05.716,2826,RECV,20302E30312C20312E30320D0A302E30372C20302E30312C20312E30310D0A302E30372C20302E30312C20312E30
02-20-2018 19:48:05.773,2827,RECV,310D0A302E30372C20302E30312C20312E30310D0A302E30372C20302E30312C20312E30320D0A302E30372C20302E30312C20312E30320D0A302E30372C
02-20-2018 19:48:05.816,2828,RECV,20302E30312C20312E30310D0A302E30372C20302E30312C20312E30310D0A302E30372C20302E30322C20312E30
02-20-2018 19:48:05.882,2829,RECV,310D0A302E30372C20302E30322C20312E30320D0A302E30372C20302E30312C20312E30310D0A302E30372C2030
02-20-2018 19:48:05.916,2830,RECV,2E30312C20312E30310D0A302E30372C20302E30312C20312E30320D0A302E30382C20302E30312C20312E30320D
02-20-2018 19:48:05.967,2831,RECV,0A302E30372C20302E30312C20312E30310D0A302E30372C20302E30312C20312E30310D0A302E30372C20302E3031
02-20-2018 19:48:06.017,2832,RECV,2C20312E30310D0A302E30372C20302E30312C20312E30310D0A302E30372C20302E30312C20312E30310D0A302E
02-20-2018 19:48:06.068,2833,RECV,30382C20302E30312C20312E30310D0A302E30372C20302E30312C20312E30320D0A302E30372C20302E30312C20
02-20-2018 19:48:06.118,2834,RECV,312E30320D0A302E30372C20302E30312C20312E30310D0A302E30372C20302E30322C20312E30310D0A302E30372C20302E30312C20312E30320D0A302E
02-20-2018 19:48:06.168,2835,RECV,30372C20302E30312C20312E30320D0A302E30382C20302E30312C20312E30310D0A302E30372C20302E30312C20
02-20-2018 19:48:06.218,2836,RECV,312E30310D0A302E30372C20302E30312C20312E30320D0A302E30372C20302E30312C20312E30320D0A302E3038
02-20-2018 19:48:06.269,2837,RECV,2C20302E30312C20312E30310D0A302E30382C20302E30312C20312E30310D0A302E30372C20302E30312C20312E
02-20-2018 19:48:06.319,2838,RECV,30320D0A302E30372C20302E30312C20312E30320D0A302E30372C20302E30312C20312E30310D0A302E30382C20
02-20-2018 19:48:06.370,2839,RECV,302E30312C20312E30310D0A302E30382C20302E30312C20312E30310D0A302E30372C20302E30312C20312E30310D
02-20-2018 19:48:06.428,2840,RECV,0A302E30382C20302E30322C20312E30320D0A302E30372C20302E30312C20312E30310D0A302E30372C20302E30
02-20-2018 19:48:06.470,2841,RECV,312C20312E30310D0A302E30372C20302E30312C20312E30320D0A302E30372C20302E30312C20312E30320D0A302E30372C20302E30312C20312E30310D
02-20-2018 19:48:06.533,2842,RECV,0A302E30372C20302E30312C20312E30320D0A302E30372C20302E30312C20312E30310D0A302E30372C20302E30
02-20-2018 19:48:06.570,2843,RECV,312C20312E30310D0A302E30372C20302E30312C20312E30310D0A302E30372C20302E30312C20312E30320D0A30
02-20-2018 19:48:06.621,2844,RECV,2E30382C20302E30322C20312E30310D0A302E30382C20302E30312C20312E30310D0A302E30372C20302E30302C
02-20-2018 19:48:06.671,2845,RECV,20312E30320D0A302E30372C20302E30312C20312E30320D0A302E30372C20302E30312C20312E30320D0A302E30
02-20-2018 19:48:06.721,2846,RECV,382C20302E30312C20312E30310D0A302E30382C20302E30312C20312E30310D0A302E30372C20302E30322C20312E
02-20-2018 19:48:06.772,2847,RECV,30310D0A302E30372C20302E30312C20312E30320D0A302E30382C20302E30312C20312E30310D0A302E30382C20
02-20-2018 19:48:06.822,2848,RECV,302E30312C20312E30320D0A302E30372C20302E30322C20312E30310D0A302E30372C20302E30312C20312E3031
02-20-2018 19:48:06.872,2849,RECV,0D0A302E30372C20302E30312C20312E30320D0A302E30372C20302E30312C20312E30310D0A302E30372C20302E30312C20312E30310D0A302E30382C
02-20-2018 19:48:06.923,2850,RECV,20302E30312C20312E30320D0A302E30382C20302E30312C20312E30320D0A302E30372C20302E30312C20312E3031
02-20-2018 19:48:06.973,2851,RECV,0D0A302E30382C20302E30302C20312E30320D0A302E30372C20302E30312C20312E30320D0A302E30372C20302E
02-20-2018 19:48:07.023,2852,RECV,30312C20312E30310D0A302E30382C20302E30312C20312E30310D0A302E30372C20302E30312C20312E30320D0A
02-20-2018 19:48:07.081,2853,RECV,302E30382C20302E30312C20312E30310D0A302E30382C20302E30312C20312E30310D0A302E30372C20302E3031
02-20-2018 19:48:07.123,2854,RECV,2C20312E30310D0A302E30372C20302E30322C20312E30320D0A302E30372C20302E30312C20312E30310D0A302E
02-20-2018 19:48:07.190,2855,RECV,30372C20302E30312C20312E30310D0A302E30382C20302E30322C20312E30310D0A302E30372C20302E30312C2031
02-20-2018 19:48:07.223,2856,RECV,2E30310D0A302E30382C20302E30312C20312E30310D0A302E30372C20302E30312C20312E30310D0A302E30372C20302E30322C20312E30310D0A302E
02-20-2018 19:48:07.274,2857,RECV,30382C20302E30322C20312E30310D0A302E30372C20302E30322C20312E30310D0A302E30372C20302E30312C20
02-20-2018 19:48:07.324,2858,RECV,312E30320D0A302E30372C20302E30312C20312E30310D0A302E30372C20302E30312C20312E30310D0A302E30382C
02-20-2018 19:48:07.374,2859,RECV,20302E30322C20312E30320D0A302E30372C20302E30312C20312E30320D0A302E30372C20302E30312C20312E30
02-20-2018 19:48:07.424,2860,RECV,310D0A302E30382C20302E30322C20312E30310D0A302E30382C20302E30312C20312E30310D0A302E30382C2030
02-20-2018 19:48:07.475,2861,RECV,2E30312C20312E30310D0A302E30372C20302E30312C20312E30310D0A302E30372C20302E30312C20312E30310D
02-20-2018 19:48:07.525,2862,RECV,0A302E30372C20302E30312C20312E30320D0A302E30372C20302E30312C20312E30320D0A302E30382C20302E30
02-20-2018 19:48:07.575,2863,RECV,322C20312E30310D0A302E30382C20302E30312C20312E30310D0A302E30372C20302E30312C20312E30320D0A302E30372C20302E30312C20312E30310D
02-20-2018 19:48:07.625,2864,RECV,0A302E30372C20302E30312C20312E30310D0A302E30372C20302E30322C20312E30310D0A302E30372C20302E30
02-20-2018 19:48:07.675,2865,RECV,312C20312E30320D0A302E30372C20302E30312C20312E30310D0A302E30372C20302E30312C20312E30320D0A30
02-20-2018 19:48:07.727,2866,RECV,2E30372C20302E30312C20312E30310D0A302E30372C20302E30312C20312E30310D0A302E30372C20302E30312C
02-20-2018 19:48:07.775,2867,RECV,20312E30310D0A302E30382C20302E30312C20312E30320D0A302E30382C20302E30312C20312E30310D0A302E3037
02-20-2018 19:48:07.835,2868,RECV,2C20302E30312C20312E30310D0A302E30382C20302E30322C20312E30320D0A302E30372C20302E30312C20312E
02-20-2018 19:48:07.876,2869,RECV,30310D0A302E30382C20302E30312C20312E30310D0A302E30372C20302E30312C20312E30320D0A302E30372C20
02-20-2018 19:48:07.938,2870,RECV,302E30312C20312E30320D0A302E30382C20302E30312C20312E30310D0A302E30372C20302E30312C20312E3032
02-20-2018 19:48:07.976,2871,RECV,0D0A302E30372C20302E30312C20312E30310D0A302E30372C20302E30312C20312E30310D0A302E30372C20302E30312C20312E30310D0A302E30372C20
02-20-2018 19:48:08.026,2872,RECV,302E30312C20312E30310D0A302E30372C20302E30322C20312E30320D0A302E30372C20302E30312C20312E3032
02-20-2018 19:48:08.076,2873,RECV,0D0A302E30372C20302E30312C20312E30310D0A302E30372C20302E30322C20312E30310D0A302E30372C20302E
02-20-2018 19:48:08.126,2874,RECV,30322C20312E30310D0A302E30382C20302E30312C20312E30310D0A302E30372C20302E30312C20312E30310D0A
02-20-2018 19:48:08.176,2875,RECV,302E30372C20302E30312C20312E30310D0A302E30372C20302E30312C20312E30320D0A302E30372C20302E30312C
02-20-2018 19:48:08.227,2876,RECV,20312E30320D0A302E30372C20302E30312C20312E30310D0A302E30382C20302E30312C20312E30310D0A302E30
02-20-2018 19:48:08.277,2877,RECV,382C20302E30322C20312E30320D0A302E30382C20302E30312C20312E30310D0A302E30382C20302E30312C2031
02-20-2018 19:48:08.327,2878,RECV,2E30310D0A302E30382C20302E30312C20312E30310D0A302E30372C20302E30312C20312E30310D0A302E30372C
02-20-2018 19:48:08.377,2879,RECV,20302E30312C20312E30320D0A302E30372C20302E30312C20312E30310D0A302E30372C20302E30312C20312E30310D0A302E30372C20302E30312C2031
02-20-2018 19:48:08.427,2880,RECV,2E30310D0A302E30372C20302E30312C20312E30310D0A302E30372C20302E30312C20312E30310D0A302E30382C
02-20-2018 19:48:08.477,2881,RECV,20302E30312C20312E30310D0A302E30372C20302E30312C20312E30310D0A302E30372C20302E30312C20312E30
02-20-2018 19:48:08.527,2882,RECV,320D0A302E30382C20302E30312C20312E30320D0A302E30372C20302E30322C20312E30320D0A302E30382C2030
02-20-2018 19:48:08.577,2883,RECV,2E30322C20312E30320D0A302E30372C20302E30312C20312E30320D0A302E30372C20302E30312C20312E30310D0A
02-20-2018 19:48:08.628,2884,RECV,302E30372C20302E30312C20312E30310D0A302E30382C20302E30312C20312E30310D0A302E30372C20302E3031
02-20-2018 19:48:08.688,2885,RECV,2C20312E30310D0A302E30372C20302E30312C20312E30320D0A302E30382C20302E30312C20312E30310D0A302E
02-20-2018 19:48:08.728,2886,RECV,30372C20302E30312C20312E30310D0A302E30372C20302E30312C20312E30320D0A302E30372C20302E30312C20312E30310D0A302E30372C20302E3031
02-20-2018 19:48:08.798,2887,RECV,2C20312E30310D0A302E30382C20302E30312C20312E30310D0A302E30372C20302E30312C20312E30320D0A302E
02-20-2018 19:48:08.829,2888,RECV,30372C20302E30312C20312E30320D0A302E30382C20302E30312C20312E30300D0A302E30372C20302E30312C20
02-20-2018 19:48:08.879,2889,RECV,312E30320D0A302E30372C20302E30312C20312E30310D0A302E30382C20302E30312C20312E30310D0A302E3037
02-20-2018 19:48:08.929,2890,RECV,2C20302E30312C20312E30310D0A302E30372C20302E30312C20312E30310D0A302E30372C20302E30312C20312E
02-20-2018 19:48:08.980,2891,RECV,30310D0A302E30372C20302E30312C20312E30320D0A302E30372C20302E30312C20312E30310D0A302E30382C20
02-20-2018 19:48:09.030,2892,RECV,302E30312C20312E30310D0A302E30382C20302E30312C20312E30310D0A302E30372C20302E30322C20312E30310D
02-20-2018 19:48:09.080,2893,RECV,0A302E30372C20302E30312C20312E30310D0A302E30372C20302E30312C20312E30310D0A302E30372C20302E30312C20312E30310D0A302E30372C20
02-20-2018 19:48:09.130,2894,RECV,302E30312C20312E30310D0A302E30382C20302E30312C20312E30310D0A302E30372C20302E30312C20312E3031
02-20-2018 19:48:09.180,2895,RECV,0D0A302E30372C20302E30312C20312E30310D0A302E30372C20302E30312C20312E30320D0A302E30382C20302E30
02-20-2018 19:48:09.232,2896,RECV,312C20312E30310D0A302E30372C20302E30312C20312E30310D0A302E30372C20302E30312C20312E30320D0A30
02-20-2018 19:48:09.280,2897,RECV,2E30382C20302E30312C20312E30310D0A302E30382C20302E30322C20312E30320D0A302E30382C20302E30322C
02-20-2018 19:48:09.343,2898,RECV,20312E30310D0A302E30382C20302E30312C20312E30320D0A302E30372C20302E30312C20312E30310D0A302E30
02-20-2018 19:48:09.381,2899,RECV,372C20302E30312C20312E30310D0A302E30372C20302E30312C20312E30310D0A302E30372C20302E30312C2031
02-20-2018 19:48:09.431,2900,RECV,2E30320D0A302E30372C20302E30312C20312E30310D0A302E30372C20302E30322C20312E30310D0A302E30372C20
02-20-2018 19:48:09.481,2901,RECV,302E30312C20312E30320D0A302E30372C20302E30312C20312E30310D0A302E30382C20302E30312C20312E30310D0A302E30372C20302E30322C2031
02-20-2018 19:48:09.531,2902,RECV,2E30310D0A302E30372C20302E30312C20312E30320D0A302E30382C20302E30312C20312E30310D0A302E30382C20
02-20-2018 19:48:09.581,2903,RECV,302E30322C20312E30320D0A302E30372C20302E30312C20312E30320D0A302E30372C20302E30312C20312E3031
02-20-2018 19:48:09.631,2904,RECV,0D0A302E30382C20302E30312C20312E30320D0A302E30372C20302E30312C20312E30320D0A302E30372C20302E
02-20-2018 19:48:09.681,2905,RECV,30322C20312E30310D0A302E30372C20302E30312C20312E30310D0A302E30372C20302E30312C20312E30310D0A
02-20-2018 19:48:09.732,2906,RECV,302E30372C20302E30322C20312E30320D0A302E30372C20302E30312C20312E30310D0A302E30372C20302E3031
02-20-2018 19:48:09.782,2907,RECV,2C20312E30310D0A302E30372C20302E30312C20312E30310D0A302E30372C20302E30312C20312E30320D0A302E
02-20-2018 19:48:09.832,2908,RECV,30372C20302E30312C20312E30310D0A302E30372C20302E30312C20312E30310D0A302E30382C20302E30312C2031
02-20-2018 19:48:09.883,2909,RECV,2E30320D0A302E30382C20302E30312C20312E30320D0A302E30382C20302E30312C20312E30310D0A302E30372C20302E30312C20312E30310D0A302E
02-20-2018 19:48:09.933,2910,RECV,30382C20302E30312C20312E30320D0A302E30372C20302E30312C20312E30310D0A302E30372C20302E30312C20
02-20-2018 19:48:09.987,2911,RECV,312E30310D0A302E30372C20302E30312C20312E30310D0A302E30372C20302E30312C20312E30310D0A302E30382C
02-20-2018 19:48:10.033,2912,RECV,20302E30312C20312E30310D0A302E30372C20302E30312C20312E30310D0A302E30372C20302E30322C20312E30
02-20-2018 19:48:10.093,2913,RECV,320D0A302E30372C20302E30312C20312E30310D0A302E30382C20302E30312C20312E30320D0A302E30372C2030
02-20-2018 19:48:10.133,2914,RECV,2E30322C20312E30310D0A302E30382C20302E30312C20312E30310D0A302E30382C20302E30312C20312E30320D
02-20-2018 19:48:10.201,2915,RECV,0A302E30372C20302E30312C20312E30310D0A302E30382C20302E30312C20312E30320D0A302E30372C20302E30
02-20-2018 19:48:10.234,2916,RECV,322C20312E30310D0A302E30372C20302E30322C20312E30310D0A302E30382C20302E30312C20312E30320D0A302E30372C20302E30312C20312E30310D
02-20-2018 19:48:10.284,2917,RECV,0A302E30382C20302E30312C20312E30310D0A302E30372C20302E30312C20312E30320D0A302E30372C20302E30
02-20-2018 19:48:10.334,2918,RECV,312C20312E30310D0A302E30372C20302E30312C20312E30310D0A302E30372C20302E30312C20312E30310D0A30
02-20-2018 19:48:10.384,2919,RECV,2E30372C20302E30312C20312E30320D0A302E30372C20302E30312C20312E30320D0A302E30372C20302E30312C20
02-20-2018 19:48:10.434,2920,RECV,312E30310D0A302E30382C20302E30312C20312E30310D0A302E30372C20302E30312C20312E30320D0A302E3037
02-20-2018 19:48:10.485,2921,RECV,2C20302E30312C20312E30310D0A302E30372C20302E30312C20312E30310D0A302E30372C20302E30312C20312E
02-20-2018 19:48:10.535,2922,RECV,30320D0A302E30382C20302E30312C20312E30310D0A302E30372C20302E30322C20312E30320D0A302E30372C20
02-20-2018 19:48:10.585,2923,RECV,302E30312C20312E30320D0A302E30372C20302E30312C20312E30320D0A302E30382C20302E30312C20312E30320D0A302E30372C20302E30322C20312E
02-20-2018 19:48:10.636,2924,RECV,30320D0A302E30372C20302E30312C20312E30310D0A302E30382C20302E30312C20312E30310D0A302E30372C20
02-20-2018 19:48:10.686,2925,RECV,302E30312C20312E30310D0A302E30372C20302E30312C20312E30310D0A302E30372C20302E30312C20312E3032
02-20-2018 19:48:10.738,2926,RECV,0D0A302E30382C20302E30312C20312E30310D0A302E30372C20302E30322C20312E30310D0A302E30372C20302E30
02-20-2018 19:48:10.787,2927,RECV,312C20312E30310D0A302E30382C20302E30312C20312E30310D0A302E30372C20302E30312C20312E30310D0A30
